<?xml version="1.0" encoding="UTF-8"?>
<!-- Generated by org.testng.reporters.JUnitReportReporter -->
<testsuite hostname="Khan" failures="0" tests="1" name="AutomationPractice.Dynamic_Dropdown" time="5.977" errors="0" timestamp="2021-04-02T22:17:19 EDT" skipped="0">
  <testcase classname="AutomationPractice.Dynamic_Dropdown" name="Dynamic_drop" time="5.977"/>
  <system-out/>
</testsuite> <!-- AutomationPractice.Dynamic_Dropdown -->
