<?xml version="1.0" encoding="UTF-8"?>
<!-- Generated by org.testng.reporters.JUnitReportReporter -->
<testsuite hostname="Khan" failures="0" tests="6" name="AutomationPractice.Test_NG_Loop" time="15.872" errors="0" timestamp="2022-02-03T20:50:51 EST" skipped="1">
  <testcase classname="AutomationPractice.Test_NG_Loop" name="Adult_selecting" time="0.669"/>
  <system-out/>
  <testcase classname="AutomationPractice.Test_NG_Loop" name="Child_selecting" time="0.098"/>
  <system-out/>
  <testcase classname="AutomationPractice.Test_NG_Loop" name="Asserting_Adult_Child" time="5.034"/>
  <system-out/>
  <testcase classname="AutomationPractice.Test_NG_Loop" name="Asserting_Adult_Child" time="5.039"/>
  <system-out/>
  <testcase classname="AutomationPractice.Test_NG_Loop" name="Asserting_Adult_Child" time="5.032"/>
  <system-out/>
  <testcase classname="AutomationPractice.Test_NG_Loop" name="Child">
    <skipped/>
  </testcase> <!-- Child -->
  <system-out/>
</testsuite> <!-- AutomationPractice.Test_NG_Loop -->
