<?xml version="1.0" encoding="UTF-8"?>
<!-- Generated by org.testng.reporters.JUnitReportReporter -->
<testsuite hostname="Khan" failures="0" tests="3" name="AutomationPractice.DragnDrop" time="11.257" errors="0" timestamp="2022-02-01T21:31:18 EST" skipped="2">
  <testcase classname="AutomationPractice.DragnDrop" name="Uppercase" time="11.257"/>
  <system-out/>
  <testcase classname="AutomationPractice.DragnDrop" name="DragAndDrop">
    <skipped/>
  </testcase> <!-- DragAndDrop -->
  <system-out/>
  <testcase classname="AutomationPractice.DragnDrop" name="Keys">
    <skipped/>
  </testcase> <!-- Keys -->
  <system-out/>
</testsuite> <!-- AutomationPractice.DragnDrop -->
