<?xml version="1.0" encoding="UTF-8"?>
<!-- Generated by org.testng.reporters.JUnitReportReporter -->
<testsuite hostname="Khan" failures="0" tests="3" name="AutomationPractice.Upload_Files" time="7.610" errors="0" timestamp="2021-04-02T20:53:13 EDT" skipped="0">
  <testcase classname="AutomationPractice.Upload_Files" name="Upload_File" time="3.049"/>
  <system-out/>
  <testcase classname="AutomationPractice.Upload_Files" name="Scrolling" time="2.846"/>
  <system-out/>
  <testcase classname="AutomationPractice.Upload_Files" name="Screenshot" time="1.715"/>
  <system-out/>
</testsuite> <!-- AutomationPractice.Upload_Files -->
