<?xml version="1.0" encoding="UTF-8"?>
<!-- Generated by org.testng.reporters.JUnitReportReporter -->
<testsuite hostname="Khan" failures="0" tests="1" name="AutomationPractice.Swag_Labs" time="6.428" errors="0" timestamp="2022-02-03T21:34:57 EST" skipped="0">
  <testcase classname="AutomationPractice.Swag_Labs" name="Swaglab" time="6.428"/>
  <system-out/>
</testsuite> <!-- AutomationPractice.Swag_Labs -->
